  stdafx.cpp
  Welcome to use ART products!
  Linked with USB5621A.lib successfully!
  Linked with USB5621A.dll successfully!
  All_x.cpp
f:\毕设！！！！！\程序测试\连续\自适应\lx_ai_002_release_524\lx_ai_002_release_524\lx_ai_002\all_x.cpp(25): warning C4305: “初始化”: 从“double”到“float”截断
  LX_AI_002.cpp
  LX_AI_002Dlg.cpp
f:\毕设！！！！！\程序测试\连续\自适应\lx_ai_002_release_524\lx_ai_002_release_524\lx_ai_002\lx_ai_002dlg.cpp(280): warning C4244: “参数”: 从“double”转换到“int”，可能丢失数据
f:\毕设！！！！！\程序测试\连续\自适应\lx_ai_002_release_524\lx_ai_002_release_524\lx_ai_002\lx_ai_002dlg.cpp(318): warning C4244: “=”: 从“double”转换到“float”，可能丢失数据
f:\毕设！！！！！\程序测试\连续\自适应\lx_ai_002_release_524\lx_ai_002_release_524\lx_ai_002\lx_ai_002dlg.cpp(328): warning C4244: “=”: 从“double”转换到“float”，可能丢失数据
f:\毕设！！！！！\程序测试\连续\自适应\lx_ai_002_release_524\lx_ai_002_release_524\lx_ai_002\lx_ai_002dlg.cpp(329): warning C4244: “=”: 从“double”转换到“float”，可能丢失数据
f:\毕设！！！！！\程序测试\连续\自适应\lx_ai_002_release_524\lx_ai_002_release_524\lx_ai_002\lx_ai_002dlg.cpp(333): warning C4244: “=”: 从“double”转换到“float”，可能丢失数据
f:\毕设！！！！！\程序测试\连续\自适应\lx_ai_002_release_524\lx_ai_002_release_524\lx_ai_002\lx_ai_002dlg.cpp(334): warning C4244: “=”: 从“double”转换到“float”，可能丢失数据
f:\毕设！！！！！\程序测试\连续\自适应\lx_ai_002_release_524\lx_ai_002_release_524\lx_ai_002\lx_ai_002dlg.cpp(447): warning C4305: “=”: 从“double”到“float”截断
f:\毕设！！！！！\程序测试\连续\自适应\lx_ai_002_release_524\lx_ai_002_release_524\lx_ai_002\lx_ai_002dlg.cpp(465): warning C4305: “=”: 从“double”到“float”截断
f:\毕设！！！！！\程序测试\连续\自适应\lx_ai_002_release_524\lx_ai_002_release_524\lx_ai_002\lx_ai_002dlg.cpp(478): warning C4129: “m”: 不可识别的字符转义序列
f:\毕设！！！！！\程序测试\连续\自适应\lx_ai_002_release_524\lx_ai_002_release_524\lx_ai_002\lx_ai_002dlg.cpp(534): warning C4244: “参数”: 从“F64”转换到“const _Ty”，可能丢失数据
          with
          [
              _Ty=float
          ]
f:\毕设！！！！！\程序测试\连续\自适应\lx_ai_002_release_524\lx_ai_002_release_524\lx_ai_002\lx_ai_002dlg.cpp(535): warning C4244: “参数”: 从“double”转换到“_Ty”，可能丢失数据
          with
          [
              _Ty=float
          ]
f:\毕设！！！！！\程序测试\连续\自适应\lx_ai_002_release_524\lx_ai_002_release_524\lx_ai_002\lx_ai_002dlg.cpp(556): warning C4305: “=”: 从“double”到“float”截断
f:\毕设！！！！！\程序测试\连续\自适应\lx_ai_002_release_524\lx_ai_002_release_524\lx_ai_002\lx_ai_002dlg.cpp(563): warning C4267: “=”: 从“size_t”转换到“int”，可能丢失数据
f:\毕设！！！！！\程序测试\连续\自适应\lx_ai_002_release_524\lx_ai_002_release_524\lx_ai_002\lx_ai_002dlg.cpp(640): warning C4129: “m”: 不可识别的字符转义序列
f:\毕设！！！！！\程序测试\连续\自适应\lx_ai_002_release_524\lx_ai_002_release_524\lx_ai_002\lx_ai_002dlg.cpp(1102): warning C4305: “=”: 从“double”到“float”截断
  正在生成代码...
f:\毕设！！！！！\程序测试\连续\自适应\lx_ai_002_release_524\lx_ai_002_release_524\lx_ai_002\lx_ai_002dlg.cpp(264): warning C4715: “CLXAI002Dlg::OnCreate”: 不是所有的控件路径都返回值
LX_AI_002Dlg.obj : error LNK2019: 无法解析的外部符号 __imp_USB5621A_DEV_Create，该符号在函数 "public: void __cdecl CLXAI002Dlg::OnBnClickedButtonStartgetdata(void)" (?OnBnClickedButtonStartgetdata@CLXAI002Dlg@@QEAAXXZ) 中被引用
LX_AI_002Dlg.obj : error LNK2019: 无法解析的外部符号 __imp_USB5621A_DEV_Release，该符号在函数 "public: void __cdecl CLXAI002Dlg::OnClose(void)" (?OnClose@CLXAI002Dlg@@QEAAXXZ) 中被引用
LX_AI_002Dlg.obj : error LNK2019: 无法解析的外部符号 __imp_USB5621A_AI_InitTask，该符号在函数 "public: void __cdecl CLXAI002Dlg::OnBnClickedButtonStartgetdata(void)" (?OnBnClickedButtonStartgetdata@CLXAI002Dlg@@QEAAXXZ) 中被引用
LX_AI_002Dlg.obj : error LNK2019: 无法解析的外部符号 __imp_USB5621A_AI_StartTask，该符号在函数 "public: void __cdecl CLXAI002Dlg::OnBnClickedButtonStartgetdata(void)" (?OnBnClickedButtonStartgetdata@CLXAI002Dlg@@QEAAXXZ) 中被引用
LX_AI_002Dlg.obj : error LNK2019: 无法解析的外部符号 __imp_USB5621A_AI_SendSoftTrig，该符号在函数 "public: void __cdecl CLXAI002Dlg::OnBnClickedButtonStartgetdata(void)" (?OnBnClickedButtonStartgetdata@CLXAI002Dlg@@QEAAXXZ) 中被引用
LX_AI_002Dlg.obj : error LNK2019: 无法解析的外部符号 __imp_USB5621A_AI_ReadAnalog，该符号在函数 "public: void __cdecl CLXAI002Dlg::GifDataVT(void)" (?GifDataVT@CLXAI002Dlg@@QEAAXXZ) 中被引用
LX_AI_002Dlg.obj : error LNK2019: 无法解析的外部符号 __imp_USB5621A_AI_ReleaseTask，该符号在函数 "public: void __cdecl CLXAI002Dlg::OnClose(void)" (?OnClose@CLXAI002Dlg@@QEAAXXZ) 中被引用
LX_AI_002Dlg.obj : error LNK2019: 无法解析的外部符号 __imp_USB5621A_AI_VerifyParam，该符号在函数 "public: void __cdecl CLXAI002Dlg::OnBnClickedButtonStartgetdata(void)" (?OnBnClickedButtonStartgetdata@CLXAI002Dlg@@QEAAXXZ) 中被引用
F:\毕设！！！！！\实验器材资料\数据采集卡\Samples\VC\USB\USB5621A.lib : warning LNK4272: 库计算机类型“x86”与目标计算机类型“x64”冲突
F:\毕设！！！！！\程序测试\连续\自适应\LX_AI_002_release_524\LX_AI_002_release_524\x64\Debug\LX_AI_002.exe : fatal error LNK1120: 8 个无法解析的外部命令
