f:\毕设！！！！！\程序测试\连续\lx_ai_002\lx_ai_002\x64\debug\lx_ai_002.pch
f:\毕设！！！！！\程序测试\连续\lx_ai_002\lx_ai_002\x64\debug\vc141.pdb
f:\毕设！！！！！\程序测试\连续\lx_ai_002\lx_ai_002\x64\debug\vc141.idb
f:\毕设！！！！！\程序测试\连续\lx_ai_002\lx_ai_002\x64\debug\stdafx.obj
f:\毕设！！！！！\程序测试\连续\lx_ai_002\lx_ai_002\x64\debug\lx_ai_002dlg.obj
f:\毕设！！！！！\程序测试\连续\lx_ai_002\lx_ai_002\x64\debug\lx_ai_002.obj
f:\毕设！！！！！\程序测试\连续\lx_ai_002\lx_ai_002\x64\debug\getdata.obj
f:\毕设！！！！！\程序测试\连续\lx_ai_002\lx_ai_002\x64\debug\ctipdlg.obj
f:\毕设！！！！！\程序测试\连续\lx_ai_002\lx_ai_002\x64\debug\all_x.obj
f:\毕设！！！！！\程序测试\连续\lx_ai_002\lx_ai_002\x64\debug\lxai002.res
f:\毕设！！！！！\程序测试\连续\lx_ai_002_release_524\lx_ai_002\x64\debug\all_x.obj
f:\毕设！！！！！\程序测试\连续\lx_ai_002_release_524\lx_ai_002\x64\debug\ctipdlg.obj
f:\毕设！！！！！\程序测试\连续\lx_ai_002_release_524\lx_ai_002\x64\debug\getdata.obj
f:\毕设！！！！！\程序测试\连续\lx_ai_002_release_524\lx_ai_002\x64\debug\lx_ai_002.obj
f:\毕设！！！！！\程序测试\连续\lx_ai_002_release_524\lx_ai_002\x64\debug\lx_ai_002dlg.obj
f:\毕设！！！！！\程序测试\连续\lx_ai_002_release_524\lx_ai_002\x64\debug\stdafx.obj
f:\毕设！！！！！\程序测试\连续\lx_ai_002_release_524\lx_ai_002\x64\debug\lxai002.res
f:\毕设！！！！！\程序测试\连续\lx_ai_002_release_524\lx_ai_002\x64\debug\lx_ai_002.pch
f:\毕设！！！！！\程序测试\连续\lx_ai_002_release_524\lx_ai_002\x64\debug\vc141.idb
f:\毕设！！！！！\程序测试\连续\lx_ai_002_release_524\lx_ai_002\x64\debug\vc141.pdb
f:\毕设！！！！！\程序测试\连续\lx_ai_002_release_524\x64\debug\lx_ai_002.pdb
f:\毕设！！！！！\程序测试\连续\lx_ai_002_release_524\lx_ai_002\x64\debug\lx_ai_002.tlog\cl.command.1.tlog
f:\毕设！！！！！\程序测试\连续\lx_ai_002_release_524\lx_ai_002\x64\debug\lx_ai_002.tlog\cl.read.1.tlog
f:\毕设！！！！！\程序测试\连续\lx_ai_002_release_524\lx_ai_002\x64\debug\lx_ai_002.tlog\cl.write.1.tlog
f:\毕设！！！！！\程序测试\连续\lx_ai_002_release_524\lx_ai_002\x64\debug\lx_ai_002.tlog\link-cvtres.read.1.tlog
f:\毕设！！！！！\程序测试\连续\lx_ai_002_release_524\lx_ai_002\x64\debug\lx_ai_002.tlog\link-cvtres.write.1.tlog
f:\毕设！！！！！\程序测试\连续\lx_ai_002_release_524\lx_ai_002\x64\debug\lx_ai_002.tlog\link-mt.read.1.tlog
f:\毕设！！！！！\程序测试\连续\lx_ai_002_release_524\lx_ai_002\x64\debug\lx_ai_002.tlog\link-mt.write.1.tlog
f:\毕设！！！！！\程序测试\连续\lx_ai_002_release_524\lx_ai_002\x64\debug\lx_ai_002.tlog\link-rc.read.1.tlog
f:\毕设！！！！！\程序测试\连续\lx_ai_002_release_524\lx_ai_002\x64\debug\lx_ai_002.tlog\link-rc.write.1.tlog
f:\毕设！！！！！\程序测试\连续\lx_ai_002_release_524\lx_ai_002\x64\debug\lx_ai_002.tlog\link.command.1.tlog
f:\毕设！！！！！\程序测试\连续\lx_ai_002_release_524\lx_ai_002\x64\debug\lx_ai_002.tlog\link.read.1.tlog
f:\毕设！！！！！\程序测试\连续\lx_ai_002_release_524\lx_ai_002\x64\debug\lx_ai_002.tlog\link.write.1.tlog
f:\毕设！！！！！\程序测试\连续\lx_ai_002_release_524\lx_ai_002\x64\debug\lx_ai_002.tlog\rc.command.1.tlog
f:\毕设！！！！！\程序测试\连续\lx_ai_002_release_524\lx_ai_002\x64\debug\lx_ai_002.tlog\rc.read.1.tlog
f:\毕设！！！！！\程序测试\连续\lx_ai_002_release_524\lx_ai_002\x64\debug\lx_ai_002.tlog\rc.write.1.tlog
